[2025-07-08 08:55:25] local.ERROR: Class "App\Http\Controllers\AnggotaOrganisasi" not found {"exception":"[object] (Error(code: 0): Class \"App\\Http\\Controllers\\AnggotaOrganisasi\" not found at D:\\Semester 4\\PraktikumPemWeb\\231110155_UAS\\manajemen-organisasi-mahasiswa\\app\\Http\\Controllers\\AnggotaOrganisasiController.php:14)
[stacktrace]
#0 D:\\Semester 4\\PraktikumPemWeb\\231110155_UAS\\manajemen-organisasi-mahasiswa\\vendor\\laravel\\framework\\src\\Illuminate\\Routing\\ControllerDispatcher.php(46): App\\Http\\Controllers\\AnggotaOrganisasiController->index()
#1 D:\\Semester 4\\PraktikumPemWeb\\231110155_UAS\\manajemen-organisasi-mahasiswa\\vendor\\laravel\\framework\\src\\Illuminate\\Routing\\Route.php(265): Illuminate\\Routing\\ControllerDispatcher->dispatch(Object(Illuminate\\Routing\\Route), Object(App\\Http\\Controllers\\AnggotaOrganisasiController), 'index')
#2 D:\\Semester 4\\PraktikumPemWeb\\231110155_UAS\\manajemen-organisasi-mahasiswa\\vendor\\laravel\\framework\\src\\Illuminate\\Routing\\Route.php(211): Illuminate\\Routing\\Route->runController()
#3 D:\\Semester 4\\PraktikumPemWeb\\231110155_UAS\\manajemen-organisasi-mahasiswa\\vendor\\laravel\\framework\\src\\Illuminate\\Routing\\Router.php(808): Illuminate\\Routing\\Route->run()
#4 D:\\Semester 4\\PraktikumPemWeb\\231110155_UAS\\manajemen-organisasi-mahasiswa\\vendor\\laravel\\framework\\src\\Illuminate\\Pipeline\\Pipeline.php(169): Illuminate\\Routing\\Router->Illuminate\\Routing\\{closure}(Object(Illuminate\\Http\\Request))
#5 D:\\Semester 4\\PraktikumPemWeb\\231110155_UAS\\manajemen-organisasi-mahasiswa\\vendor\\laravel\\framework\\src\\Illuminate\\Routing\\Middleware\\SubstituteBindings.php(50): Illuminate\\Pipeline\\Pipeline->Illuminate\\Pipeline\\{closure}(Object(Illuminate\\Http\\Request))
#6 D:\\Semester 4\\PraktikumPemWeb\\231110155_UAS\\manajemen-organisasi-mahasiswa\\vendor\\laravel\\framework\\src\\Illuminate\\Pipeline\\Pipeline.php(208): Illuminate\\Routing\\Middleware\\SubstituteBindings->handle(Object(Illuminate\\Http\\Request), Object(Closure))
#7 D:\\Semester 4\\PraktikumPemWeb\\231110155_UAS\\manajemen-organisasi-mahasiswa\\vendor\\laravel\\framework\\src\\Illuminate\\Foundation\\Http\\Middleware\\VerifyCsrfToken.php(87): Illuminate\\Pipeline\\Pipeline->Illuminate\\Pipeline\\{closure}(Object(Illuminate\\Http\\Request))
#8 D:\\Semester 4\\PraktikumPemWeb\\231110155_UAS\\manajemen-organisasi-mahasiswa\\vendor\\laravel\\framework\\src\\Illuminate\\Pipeline\\Pipeline.php(208): Illuminate\\Foundation\\Http\\Middleware\\VerifyCsrfToken->handle(Object(Illuminate\\Http\\Request), Object(Closure))
#9 D:\\Semester 4\\PraktikumPemWeb\\231110155_UAS\\manajemen-organisasi-mahasiswa\\vendor\\laravel\\framework\\src\\Illuminate\\View\\Middleware\\ShareErrorsFromSession.php(48): Illuminate\\Pipeline\\Pipeline->Illuminate\\Pipeline\\{closure}(Object(Illuminate\\Http\\Request))
#10 D:\\Semester 4\\PraktikumPemWeb\\231110155_UAS\\manajemen-organisasi-mahasiswa\\vendor\\laravel\\framework\\src\\Illuminate\\Pipeline\\Pipeline.php(208): Illuminate\\View\\Middleware\\ShareErrorsFromSession->handle(Object(Illuminate\\Http\\Request), Object(Closure))
#11 D:\\Semester 4\\PraktikumPemWeb\\231110155_UAS\\manajemen-organisasi-mahasiswa\\vendor\\laravel\\framework\\src\\Illuminate\\Session\\Middleware\\StartSession.php(120): Illuminate\\Pipeline\\Pipeline->Illuminate\\Pipeline\\{closure}(Object(Illuminate\\Http\\Request))
#12 D:\\Semester 4\\PraktikumPemWeb\\231110155_UAS\\manajemen-organisasi-mahasiswa\\vendor\\laravel\\framework\\src\\Illuminate\\Session\\Middleware\\StartSession.php(63): Illuminate\\Session\\Middleware\\StartSession->handleStatefulRequest(Object(Illuminate\\Http\\Request), Object(Illuminate\\Session\\Store), Object(Closure))
#13 D:\\Semester 4\\PraktikumPemWeb\\231110155_UAS\\manajemen-organisasi-mahasiswa\\vendor\\laravel\\framework\\src\\Illuminate\\Pipeline\\Pipeline.php(208): Illuminate\\Session\\Middleware\\StartSession->handle(Object(Illuminate\\Http\\Request), Object(Closure))
#14 D:\\Semester 4\\PraktikumPemWeb\\231110155_UAS\\manajemen-organisasi-mahasiswa\\vendor\\laravel\\framework\\src\\Illuminate\\Cookie\\Middleware\\AddQueuedCookiesToResponse.php(36): Illuminate\\Pipeline\\Pipeline->Illuminate\\Pipeline\\{closure}(Object(Illuminate\\Http\\Request))
#15 D:\\Semester 4\\PraktikumPemWeb\\231110155_UAS\\manajemen-organisasi-mahasiswa\\vendor\\laravel\\framework\\src\\Illuminate\\Pipeline\\Pipeline.php(208): Illuminate\\Cookie\\Middleware\\AddQueuedCookiesToResponse->handle(Object(Illuminate\\Http\\Request), Object(Closure))
#16 D:\\Semester 4\\PraktikumPemWeb\\231110155_UAS\\manajemen-organisasi-mahasiswa\\vendor\\laravel\\framework\\src\\Illuminate\\Cookie\\Middleware\\EncryptCookies.php(74): Illuminate\\Pipeline\\Pipeline->Illuminate\\Pipeline\\{closure}(Object(Illuminate\\Http\\Request))
#17 D:\\Semester 4\\PraktikumPemWeb\\231110155_UAS\\manajemen-organisasi-mahasiswa\\vendor\\laravel\\framework\\src\\Illuminate\\Pipeline\\Pipeline.php(208): Illuminate\\Cookie\\Middleware\\EncryptCookies->handle(Object(Illuminate\\Http\\Request), Object(Closure))
#18 D:\\Semester 4\\PraktikumPemWeb\\231110155_UAS\\manajemen-organisasi-mahasiswa\\vendor\\laravel\\framework\\src\\Illuminate\\Pipeline\\Pipeline.php(126): Illuminate\\Pipeline\\Pipeline->Illuminate\\Pipeline\\{closure}(Object(Illuminate\\Http\\Request))
#19 D:\\Semester 4\\PraktikumPemWeb\\231110155_UAS\\manajemen-organisasi-mahasiswa\\vendor\\laravel\\framework\\src\\Illuminate\\Routing\\Router.php(807): Illuminate\\Pipeline\\Pipeline->then(Object(Closure))
#20 D:\\Semester 4\\PraktikumPemWeb\\231110155_UAS\\manajemen-organisasi-mahasiswa\\vendor\\laravel\\framework\\src\\Illuminate\\Routing\\Router.php(786): Illuminate\\Routing\\Router->runRouteWithinStack(Object(Illuminate\\Routing\\Route), Object(Illuminate\\Http\\Request))
#21 D:\\Semester 4\\PraktikumPemWeb\\231110155_UAS\\manajemen-organisasi-mahasiswa\\vendor\\laravel\\framework\\src\\Illuminate\\Routing\\Router.php(750): Illuminate\\Routing\\Router->runRoute(Object(Illuminate\\Http\\Request), Object(Illuminate\\Routing\\Route))
#22 D:\\Semester 4\\PraktikumPemWeb\\231110155_UAS\\manajemen-organisasi-mahasiswa\\vendor\\laravel\\framework\\src\\Illuminate\\Routing\\Router.php(739): Illuminate\\Routing\\Router->dispatchToRoute(Object(Illuminate\\Http\\Request))
#23 D:\\Semester 4\\PraktikumPemWeb\\231110155_UAS\\manajemen-organisasi-mahasiswa\\vendor\\laravel\\framework\\src\\Illuminate\\Foundation\\Http\\Kernel.php(200): Illuminate\\Routing\\Router->dispatch(Object(Illuminate\\Http\\Request))
#24 D:\\Semester 4\\PraktikumPemWeb\\231110155_UAS\\manajemen-organisasi-mahasiswa\\vendor\\laravel\\framework\\src\\Illuminate\\Pipeline\\Pipeline.php(169): Illuminate\\Foundation\\Http\\Kernel->Illuminate\\Foundation\\Http\\{closure}(Object(Illuminate\\Http\\Request))
#25 D:\\Semester 4\\PraktikumPemWeb\\231110155_UAS\\manajemen-organisasi-mahasiswa\\vendor\\laravel\\framework\\src\\Illuminate\\Foundation\\Http\\Middleware\\TransformsRequest.php(21): Illuminate\\Pipeline\\Pipeline->Illuminate\\Pipeline\\{closure}(Object(Illuminate\\Http\\Request))
#26 D:\\Semester 4\\PraktikumPemWeb\\231110155_UAS\\manajemen-organisasi-mahasiswa\\vendor\\laravel\\framework\\src\\Illuminate\\Foundation\\Http\\Middleware\\ConvertEmptyStringsToNull.php(31): Illuminate\\Foundation\\Http\\Middleware\\TransformsRequest->handle(Object(Illuminate\\Http\\Request), Object(Closure))
#27 D:\\Semester 4\\PraktikumPemWeb\\231110155_UAS\\manajemen-organisasi-mahasiswa\\vendor\\laravel\\framework\\src\\Illuminate\\Pipeline\\Pipeline.php(208): Illuminate\\Foundation\\Http\\Middleware\\ConvertEmptyStringsToNull->handle(Object(Illuminate\\Http\\Request), Object(Closure))
#28 D:\\Semester 4\\PraktikumPemWeb\\231110155_UAS\\manajemen-organisasi-mahasiswa\\vendor\\laravel\\framework\\src\\Illuminate\\Foundation\\Http\\Middleware\\TransformsRequest.php(21): Illuminate\\Pipeline\\Pipeline->Illuminate\\Pipeline\\{closure}(Object(Illuminate\\Http\\Request))
#29 D:\\Semester 4\\PraktikumPemWeb\\231110155_UAS\\manajemen-organisasi-mahasiswa\\vendor\\laravel\\framework\\src\\Illuminate\\Foundation\\Http\\Middleware\\TrimStrings.php(51): Illuminate\\Foundation\\Http\\Middleware\\TransformsRequest->handle(Object(Illuminate\\Http\\Request), Object(Closure))
#30 D:\\Semester 4\\PraktikumPemWeb\\231110155_UAS\\manajemen-organisasi-mahasiswa\\vendor\\laravel\\framework\\src\\Illuminate\\Pipeline\\Pipeline.php(208): Illuminate\\Foundation\\Http\\Middleware\\TrimStrings->handle(Object(Illuminate\\Http\\Request), Object(Closure))
#31 D:\\Semester 4\\PraktikumPemWeb\\231110155_UAS\\manajemen-organisasi-mahasiswa\\vendor\\laravel\\framework\\src\\Illuminate\\Http\\Middleware\\ValidatePostSize.php(27): Illuminate\\Pipeline\\Pipeline->Illuminate\\Pipeline\\{closure}(Object(Illuminate\\Http\\Request))
#32 D:\\Semester 4\\PraktikumPemWeb\\231110155_UAS\\manajemen-organisasi-mahasiswa\\vendor\\laravel\\framework\\src\\Illuminate\\Pipeline\\Pipeline.php(208): Illuminate\\Http\\Middleware\\ValidatePostSize->handle(Object(Illuminate\\Http\\Request), Object(Closure))
#33 D:\\Semester 4\\PraktikumPemWeb\\231110155_UAS\\manajemen-organisasi-mahasiswa\\vendor\\laravel\\framework\\src\\Illuminate\\Foundation\\Http\\Middleware\\PreventRequestsDuringMaintenance.php(109): Illuminate\\Pipeline\\Pipeline->Illuminate\\Pipeline\\{closure}(Object(Illuminate\\Http\\Request))
#34 D:\\Semester 4\\PraktikumPemWeb\\231110155_UAS\\manajemen-organisasi-mahasiswa\\vendor\\laravel\\framework\\src\\Illuminate\\Pipeline\\Pipeline.php(208): Illuminate\\Foundation\\Http\\Middleware\\PreventRequestsDuringMaintenance->handle(Object(Illuminate\\Http\\Request), Object(Closure))
#35 D:\\Semester 4\\PraktikumPemWeb\\231110155_UAS\\manajemen-organisasi-mahasiswa\\vendor\\laravel\\framework\\src\\Illuminate\\Http\\Middleware\\HandleCors.php(48): Illuminate\\Pipeline\\Pipeline->Illuminate\\Pipeline\\{closure}(Object(Illuminate\\Http\\Request))
#36 D:\\Semester 4\\PraktikumPemWeb\\231110155_UAS\\manajemen-organisasi-mahasiswa\\vendor\\laravel\\framework\\src\\Illuminate\\Pipeline\\Pipeline.php(208): Illuminate\\Http\\Middleware\\HandleCors->handle(Object(Illuminate\\Http\\Request), Object(Closure))
#37 D:\\Semester 4\\PraktikumPemWeb\\231110155_UAS\\manajemen-organisasi-mahasiswa\\vendor\\laravel\\framework\\src\\Illuminate\\Http\\Middleware\\TrustProxies.php(58): Illuminate\\Pipeline\\Pipeline->Illuminate\\Pipeline\\{closure}(Object(Illuminate\\Http\\Request))
#38 D:\\Semester 4\\PraktikumPemWeb\\231110155_UAS\\manajemen-organisasi-mahasiswa\\vendor\\laravel\\framework\\src\\Illuminate\\Pipeline\\Pipeline.php(208): Illuminate\\Http\\Middleware\\TrustProxies->handle(Object(Illuminate\\Http\\Request), Object(Closure))
#39 D:\\Semester 4\\PraktikumPemWeb\\231110155_UAS\\manajemen-organisasi-mahasiswa\\vendor\\laravel\\framework\\src\\Illuminate\\Foundation\\Http\\Middleware\\InvokeDeferredCallbacks.php(22): Illuminate\\Pipeline\\Pipeline->Illuminate\\Pipeline\\{closure}(Object(Illuminate\\Http\\Request))
#40 D:\\Semester 4\\PraktikumPemWeb\\231110155_UAS\\manajemen-organisasi-mahasiswa\\vendor\\laravel\\framework\\src\\Illuminate\\Pipeline\\Pipeline.php(208): Illuminate\\Foundation\\Http\\Middleware\\InvokeDeferredCallbacks->handle(Object(Illuminate\\Http\\Request), Object(Closure))
#41 D:\\Semester 4\\PraktikumPemWeb\\231110155_UAS\\manajemen-organisasi-mahasiswa\\vendor\\laravel\\framework\\src\\Illuminate\\Http\\Middleware\\ValidatePathEncoding.php(26): Illuminate\\Pipeline\\Pipeline->Illuminate\\Pipeline\\{closure}(Object(Illuminate\\Http\\Request))
#42 D:\\Semester 4\\PraktikumPemWeb\\231110155_UAS\\manajemen-organisasi-mahasiswa\\vendor\\laravel\\framework\\src\\Illuminate\\Pipeline\\Pipeline.php(208): Illuminate\\Http\\Middleware\\ValidatePathEncoding->handle(Object(Illuminate\\Http\\Request), Object(Closure))
#43 D:\\Semester 4\\PraktikumPemWeb\\231110155_UAS\\manajemen-organisasi-mahasiswa\\vendor\\laravel\\framework\\src\\Illuminate\\Pipeline\\Pipeline.php(126): Illuminate\\Pipeline\\Pipeline->Illuminate\\Pipeline\\{closure}(Object(Illuminate\\Http\\Request))
#44 D:\\Semester 4\\PraktikumPemWeb\\231110155_UAS\\manajemen-organisasi-mahasiswa\\vendor\\laravel\\framework\\src\\Illuminate\\Foundation\\Http\\Kernel.php(175): Illuminate\\Pipeline\\Pipeline->then(Object(Closure))
#45 D:\\Semester 4\\PraktikumPemWeb\\231110155_UAS\\manajemen-organisasi-mahasiswa\\vendor\\laravel\\framework\\src\\Illuminate\\Foundation\\Http\\Kernel.php(144): Illuminate\\Foundation\\Http\\Kernel->sendRequestThroughRouter(Object(Illuminate\\Http\\Request))
#46 D:\\Semester 4\\PraktikumPemWeb\\231110155_UAS\\manajemen-organisasi-mahasiswa\\vendor\\laravel\\framework\\src\\Illuminate\\Foundation\\Application.php(1219): Illuminate\\Foundation\\Http\\Kernel->handle(Object(Illuminate\\Http\\Request))
#47 D:\\Semester 4\\PraktikumPemWeb\\231110155_UAS\\manajemen-organisasi-mahasiswa\\public\\index.php(20): Illuminate\\Foundation\\Application->handleRequest(Object(Illuminate\\Http\\Request))
#48 D:\\Semester 4\\PraktikumPemWeb\\231110155_UAS\\manajemen-organisasi-mahasiswa\\vendor\\laravel\\framework\\src\\Illuminate\\Foundation\\resources\\server.php(23): require_once('D:\\\\Semester 4\\\\P...')
#49 {main}
"} 
[2025-07-15 20:00:00] local.ERROR: Undefined variable $request {"exception":"[object] (ErrorException(code: 0): Undefined variable $request at D:\\Semester 4\\PraktikumPemWeb\\231110155_UAS\\manajemen-organisasi-mahasiswa\\app\\Http\\Controllers\\AnggotaOrganisasiController.php:18)
[stacktrace]
#0 D:\\Semester 4\\PraktikumPemWeb\\231110155_UAS\\manajemen-organisasi-mahasiswa\\vendor\\laravel\\framework\\src\\Illuminate\\Foundation\\Bootstrap\\HandleExceptions.php(256): Illuminate\\Foundation\\Bootstrap\\HandleExceptions->handleError(2, 'Undefined varia...', 'D:\\\\Semester 4\\\\P...', 18)
#1 D:\\Semester 4\\PraktikumPemWeb\\231110155_UAS\\manajemen-organisasi-mahasiswa\\app\\Http\\Controllers\\AnggotaOrganisasiController.php(18): Illuminate\\Foundation\\Bootstrap\\HandleExceptions->Illuminate\\Foundation\\Bootstrap\\{closure}(2, 'Undefined varia...', 'D:\\\\Semester 4\\\\P...', 18)
#2 D:\\Semester 4\\PraktikumPemWeb\\231110155_UAS\\manajemen-organisasi-mahasiswa\\vendor\\laravel\\framework\\src\\Illuminate\\Routing\\ControllerDispatcher.php(46): App\\Http\\Controllers\\AnggotaOrganisasiController->index()
#3 D:\\Semester 4\\PraktikumPemWeb\\231110155_UAS\\manajemen-organisasi-mahasiswa\\vendor\\laravel\\framework\\src\\Illuminate\\Routing\\Route.php(265): Illuminate\\Routing\\ControllerDispatcher->dispatch(Object(Illuminate\\Routing\\Route), Object(App\\Http\\Controllers\\AnggotaOrganisasiController), 'index')
#4 D:\\Semester 4\\PraktikumPemWeb\\231110155_UAS\\manajemen-organisasi-mahasiswa\\vendor\\laravel\\framework\\src\\Illuminate\\Routing\\Route.php(211): Illuminate\\Routing\\Route->runController()
#5 D:\\Semester 4\\PraktikumPemWeb\\231110155_UAS\\manajemen-organisasi-mahasiswa\\vendor\\laravel\\framework\\src\\Illuminate\\Routing\\Router.php(808): Illuminate\\Routing\\Route->run()
#6 D:\\Semester 4\\PraktikumPemWeb\\231110155_UAS\\manajemen-organisasi-mahasiswa\\vendor\\laravel\\framework\\src\\Illuminate\\Pipeline\\Pipeline.php(169): Illuminate\\Routing\\Router->Illuminate\\Routing\\{closure}(Object(Illuminate\\Http\\Request))
#7 D:\\Semester 4\\PraktikumPemWeb\\231110155_UAS\\manajemen-organisasi-mahasiswa\\vendor\\laravel\\framework\\src\\Illuminate\\Routing\\Middleware\\SubstituteBindings.php(50): Illuminate\\Pipeline\\Pipeline->Illuminate\\Pipeline\\{closure}(Object(Illuminate\\Http\\Request))
#8 D:\\Semester 4\\PraktikumPemWeb\\231110155_UAS\\manajemen-organisasi-mahasiswa\\vendor\\laravel\\framework\\src\\Illuminate\\Pipeline\\Pipeline.php(208): Illuminate\\Routing\\Middleware\\SubstituteBindings->handle(Object(Illuminate\\Http\\Request), Object(Closure))
#9 D:\\Semester 4\\PraktikumPemWeb\\231110155_UAS\\manajemen-organisasi-mahasiswa\\vendor\\laravel\\framework\\src\\Illuminate\\Foundation\\Http\\Middleware\\VerifyCsrfToken.php(87): Illuminate\\Pipeline\\Pipeline->Illuminate\\Pipeline\\{closure}(Object(Illuminate\\Http\\Request))
#10 D:\\Semester 4\\PraktikumPemWeb\\231110155_UAS\\manajemen-organisasi-mahasiswa\\vendor\\laravel\\framework\\src\\Illuminate\\Pipeline\\Pipeline.php(208): Illuminate\\Foundation\\Http\\Middleware\\VerifyCsrfToken->handle(Object(Illuminate\\Http\\Request), Object(Closure))
#11 D:\\Semester 4\\PraktikumPemWeb\\231110155_UAS\\manajemen-organisasi-mahasiswa\\vendor\\laravel\\framework\\src\\Illuminate\\View\\Middleware\\ShareErrorsFromSession.php(48): Illuminate\\Pipeline\\Pipeline->Illuminate\\Pipeline\\{closure}(Object(Illuminate\\Http\\Request))
#12 D:\\Semester 4\\PraktikumPemWeb\\231110155_UAS\\manajemen-organisasi-mahasiswa\\vendor\\laravel\\framework\\src\\Illuminate\\Pipeline\\Pipeline.php(208): Illuminate\\View\\Middleware\\ShareErrorsFromSession->handle(Object(Illuminate\\Http\\Request), Object(Closure))
#13 D:\\Semester 4\\PraktikumPemWeb\\231110155_UAS\\manajemen-organisasi-mahasiswa\\vendor\\laravel\\framework\\src\\Illuminate\\Session\\Middleware\\StartSession.php(120): Illuminate\\Pipeline\\Pipeline->Illuminate\\Pipeline\\{closure}(Object(Illuminate\\Http\\Request))
#14 D:\\Semester 4\\PraktikumPemWeb\\231110155_UAS\\manajemen-organisasi-mahasiswa\\vendor\\laravel\\framework\\src\\Illuminate\\Session\\Middleware\\StartSession.php(63): Illuminate\\Session\\Middleware\\StartSession->handleStatefulRequest(Object(Illuminate\\Http\\Request), Object(Illuminate\\Session\\Store), Object(Closure))
#15 D:\\Semester 4\\PraktikumPemWeb\\231110155_UAS\\manajemen-organisasi-mahasiswa\\vendor\\laravel\\framework\\src\\Illuminate\\Pipeline\\Pipeline.php(208): Illuminate\\Session\\Middleware\\StartSession->handle(Object(Illuminate\\Http\\Request), Object(Closure))
#16 D:\\Semester 4\\PraktikumPemWeb\\231110155_UAS\\manajemen-organisasi-mahasiswa\\vendor\\laravel\\framework\\src\\Illuminate\\Cookie\\Middleware\\AddQueuedCookiesToResponse.php(36): Illuminate\\Pipeline\\Pipeline->Illuminate\\Pipeline\\{closure}(Object(Illuminate\\Http\\Request))
#17 D:\\Semester 4\\PraktikumPemWeb\\231110155_UAS\\manajemen-organisasi-mahasiswa\\vendor\\laravel\\framework\\src\\Illuminate\\Pipeline\\Pipeline.php(208): Illuminate\\Cookie\\Middleware\\AddQueuedCookiesToResponse->handle(Object(Illuminate\\Http\\Request), Object(Closure))
#18 D:\\Semester 4\\PraktikumPemWeb\\231110155_UAS\\manajemen-organisasi-mahasiswa\\vendor\\laravel\\framework\\src\\Illuminate\\Cookie\\Middleware\\EncryptCookies.php(74): Illuminate\\Pipeline\\Pipeline->Illuminate\\Pipeline\\{closure}(Object(Illuminate\\Http\\Request))
#19 D:\\Semester 4\\PraktikumPemWeb\\231110155_UAS\\manajemen-organisasi-mahasiswa\\vendor\\laravel\\framework\\src\\Illuminate\\Pipeline\\Pipeline.php(208): Illuminate\\Cookie\\Middleware\\EncryptCookies->handle(Object(Illuminate\\Http\\Request), Object(Closure))
#20 D:\\Semester 4\\PraktikumPemWeb\\231110155_UAS\\manajemen-organisasi-mahasiswa\\vendor\\laravel\\framework\\src\\Illuminate\\Pipeline\\Pipeline.php(126): Illuminate\\Pipeline\\Pipeline->Illuminate\\Pipeline\\{closure}(Object(Illuminate\\Http\\Request))
#21 D:\\Semester 4\\PraktikumPemWeb\\231110155_UAS\\manajemen-organisasi-mahasiswa\\vendor\\laravel\\framework\\src\\Illuminate\\Routing\\Router.php(807): Illuminate\\Pipeline\\Pipeline->then(Object(Closure))
#22 D:\\Semester 4\\PraktikumPemWeb\\231110155_UAS\\manajemen-organisasi-mahasiswa\\vendor\\laravel\\framework\\src\\Illuminate\\Routing\\Router.php(786): Illuminate\\Routing\\Router->runRouteWithinStack(Object(Illuminate\\Routing\\Route), Object(Illuminate\\Http\\Request))
#23 D:\\Semester 4\\PraktikumPemWeb\\231110155_UAS\\manajemen-organisasi-mahasiswa\\vendor\\laravel\\framework\\src\\Illuminate\\Routing\\Router.php(750): Illuminate\\Routing\\Router->runRoute(Object(Illuminate\\Http\\Request), Object(Illuminate\\Routing\\Route))
#24 D:\\Semester 4\\PraktikumPemWeb\\231110155_UAS\\manajemen-organisasi-mahasiswa\\vendor\\laravel\\framework\\src\\Illuminate\\Routing\\Router.php(739): Illuminate\\Routing\\Router->dispatchToRoute(Object(Illuminate\\Http\\Request))
#25 D:\\Semester 4\\PraktikumPemWeb\\231110155_UAS\\manajemen-organisasi-mahasiswa\\vendor\\laravel\\framework\\src\\Illuminate\\Foundation\\Http\\Kernel.php(200): Illuminate\\Routing\\Router->dispatch(Object(Illuminate\\Http\\Request))
#26 D:\\Semester 4\\PraktikumPemWeb\\231110155_UAS\\manajemen-organisasi-mahasiswa\\vendor\\laravel\\framework\\src\\Illuminate\\Pipeline\\Pipeline.php(169): Illuminate\\Foundation\\Http\\Kernel->Illuminate\\Foundation\\Http\\{closure}(Object(Illuminate\\Http\\Request))
#27 D:\\Semester 4\\PraktikumPemWeb\\231110155_UAS\\manajemen-organisasi-mahasiswa\\vendor\\laravel\\framework\\src\\Illuminate\\Foundation\\Http\\Middleware\\TransformsRequest.php(21): Illuminate\\Pipeline\\Pipeline->Illuminate\\Pipeline\\{closure}(Object(Illuminate\\Http\\Request))
#28 D:\\Semester 4\\PraktikumPemWeb\\231110155_UAS\\manajemen-organisasi-mahasiswa\\vendor\\laravel\\framework\\src\\Illuminate\\Foundation\\Http\\Middleware\\ConvertEmptyStringsToNull.php(31): Illuminate\\Foundation\\Http\\Middleware\\TransformsRequest->handle(Object(Illuminate\\Http\\Request), Object(Closure))
#29 D:\\Semester 4\\PraktikumPemWeb\\231110155_UAS\\manajemen-organisasi-mahasiswa\\vendor\\laravel\\framework\\src\\Illuminate\\Pipeline\\Pipeline.php(208): Illuminate\\Foundation\\Http\\Middleware\\ConvertEmptyStringsToNull->handle(Object(Illuminate\\Http\\Request), Object(Closure))
#30 D:\\Semester 4\\PraktikumPemWeb\\231110155_UAS\\manajemen-organisasi-mahasiswa\\vendor\\laravel\\framework\\src\\Illuminate\\Foundation\\Http\\Middleware\\TransformsRequest.php(21): Illuminate\\Pipeline\\Pipeline->Illuminate\\Pipeline\\{closure}(Object(Illuminate\\Http\\Request))
#31 D:\\Semester 4\\PraktikumPemWeb\\231110155_UAS\\manajemen-organisasi-mahasiswa\\vendor\\laravel\\framework\\src\\Illuminate\\Foundation\\Http\\Middleware\\TrimStrings.php(51): Illuminate\\Foundation\\Http\\Middleware\\TransformsRequest->handle(Object(Illuminate\\Http\\Request), Object(Closure))
#32 D:\\Semester 4\\PraktikumPemWeb\\231110155_UAS\\manajemen-organisasi-mahasiswa\\vendor\\laravel\\framework\\src\\Illuminate\\Pipeline\\Pipeline.php(208): Illuminate\\Foundation\\Http\\Middleware\\TrimStrings->handle(Object(Illuminate\\Http\\Request), Object(Closure))
#33 D:\\Semester 4\\PraktikumPemWeb\\231110155_UAS\\manajemen-organisasi-mahasiswa\\vendor\\laravel\\framework\\src\\Illuminate\\Http\\Middleware\\ValidatePostSize.php(27): Illuminate\\Pipeline\\Pipeline->Illuminate\\Pipeline\\{closure}(Object(Illuminate\\Http\\Request))
#34 D:\\Semester 4\\PraktikumPemWeb\\231110155_UAS\\manajemen-organisasi-mahasiswa\\vendor\\laravel\\framework\\src\\Illuminate\\Pipeline\\Pipeline.php(208): Illuminate\\Http\\Middleware\\ValidatePostSize->handle(Object(Illuminate\\Http\\Request), Object(Closure))
#35 D:\\Semester 4\\PraktikumPemWeb\\231110155_UAS\\manajemen-organisasi-mahasiswa\\vendor\\laravel\\framework\\src\\Illuminate\\Foundation\\Http\\Middleware\\PreventRequestsDuringMaintenance.php(109): Illuminate\\Pipeline\\Pipeline->Illuminate\\Pipeline\\{closure}(Object(Illuminate\\Http\\Request))
#36 D:\\Semester 4\\PraktikumPemWeb\\231110155_UAS\\manajemen-organisasi-mahasiswa\\vendor\\laravel\\framework\\src\\Illuminate\\Pipeline\\Pipeline.php(208): Illuminate\\Foundation\\Http\\Middleware\\PreventRequestsDuringMaintenance->handle(Object(Illuminate\\Http\\Request), Object(Closure))
#37 D:\\Semester 4\\PraktikumPemWeb\\231110155_UAS\\manajemen-organisasi-mahasiswa\\vendor\\laravel\\framework\\src\\Illuminate\\Http\\Middleware\\HandleCors.php(48): Illuminate\\Pipeline\\Pipeline->Illuminate\\Pipeline\\{closure}(Object(Illuminate\\Http\\Request))
#38 D:\\Semester 4\\PraktikumPemWeb\\231110155_UAS\\manajemen-organisasi-mahasiswa\\vendor\\laravel\\framework\\src\\Illuminate\\Pipeline\\Pipeline.php(208): Illuminate\\Http\\Middleware\\HandleCors->handle(Object(Illuminate\\Http\\Request), Object(Closure))
#39 D:\\Semester 4\\PraktikumPemWeb\\231110155_UAS\\manajemen-organisasi-mahasiswa\\vendor\\laravel\\framework\\src\\Illuminate\\Http\\Middleware\\TrustProxies.php(58): Illuminate\\Pipeline\\Pipeline->Illuminate\\Pipeline\\{closure}(Object(Illuminate\\Http\\Request))
#40 D:\\Semester 4\\PraktikumPemWeb\\231110155_UAS\\manajemen-organisasi-mahasiswa\\vendor\\laravel\\framework\\src\\Illuminate\\Pipeline\\Pipeline.php(208): Illuminate\\Http\\Middleware\\TrustProxies->handle(Object(Illuminate\\Http\\Request), Object(Closure))
#41 D:\\Semester 4\\PraktikumPemWeb\\231110155_UAS\\manajemen-organisasi-mahasiswa\\vendor\\laravel\\framework\\src\\Illuminate\\Foundation\\Http\\Middleware\\InvokeDeferredCallbacks.php(22): Illuminate\\Pipeline\\Pipeline->Illuminate\\Pipeline\\{closure}(Object(Illuminate\\Http\\Request))
#42 D:\\Semester 4\\PraktikumPemWeb\\231110155_UAS\\manajemen-organisasi-mahasiswa\\vendor\\laravel\\framework\\src\\Illuminate\\Pipeline\\Pipeline.php(208): Illuminate\\Foundation\\Http\\Middleware\\InvokeDeferredCallbacks->handle(Object(Illuminate\\Http\\Request), Object(Closure))
#43 D:\\Semester 4\\PraktikumPemWeb\\231110155_UAS\\manajemen-organisasi-mahasiswa\\vendor\\laravel\\framework\\src\\Illuminate\\Http\\Middleware\\ValidatePathEncoding.php(26): Illuminate\\Pipeline\\Pipeline->Illuminate\\Pipeline\\{closure}(Object(Illuminate\\Http\\Request))
#44 D:\\Semester 4\\PraktikumPemWeb\\231110155_UAS\\manajemen-organisasi-mahasiswa\\vendor\\laravel\\framework\\src\\Illuminate\\Pipeline\\Pipeline.php(208): Illuminate\\Http\\Middleware\\ValidatePathEncoding->handle(Object(Illuminate\\Http\\Request), Object(Closure))
#45 D:\\Semester 4\\PraktikumPemWeb\\231110155_UAS\\manajemen-organisasi-mahasiswa\\vendor\\laravel\\framework\\src\\Illuminate\\Pipeline\\Pipeline.php(126): Illuminate\\Pipeline\\Pipeline->Illuminate\\Pipeline\\{closure}(Object(Illuminate\\Http\\Request))
#46 D:\\Semester 4\\PraktikumPemWeb\\231110155_UAS\\manajemen-organisasi-mahasiswa\\vendor\\laravel\\framework\\src\\Illuminate\\Foundation\\Http\\Kernel.php(175): Illuminate\\Pipeline\\Pipeline->then(Object(Closure))
#47 D:\\Semester 4\\PraktikumPemWeb\\231110155_UAS\\manajemen-organisasi-mahasiswa\\vendor\\laravel\\framework\\src\\Illuminate\\Foundation\\Http\\Kernel.php(144): Illuminate\\Foundation\\Http\\Kernel->sendRequestThroughRouter(Object(Illuminate\\Http\\Request))
#48 D:\\Semester 4\\PraktikumPemWeb\\231110155_UAS\\manajemen-organisasi-mahasiswa\\vendor\\laravel\\framework\\src\\Illuminate\\Foundation\\Application.php(1219): Illuminate\\Foundation\\Http\\Kernel->handle(Object(Illuminate\\Http\\Request))
#49 D:\\Semester 4\\PraktikumPemWeb\\231110155_UAS\\manajemen-organisasi-mahasiswa\\public\\index.php(20): Illuminate\\Foundation\\Application->handleRequest(Object(Illuminate\\Http\\Request))
#50 D:\\Semester 4\\PraktikumPemWeb\\231110155_UAS\\manajemen-organisasi-mahasiswa\\vendor\\laravel\\framework\\src\\Illuminate\\Foundation\\resources\\server.php(23): require_once('D:\\\\Semester 4\\\\P...')
#51 {main}
"} 
[2025-07-15 20:00:07] local.ERROR: Undefined variable $request {"exception":"[object] (ErrorException(code: 0): Undefined variable $request at D:\\Semester 4\\PraktikumPemWeb\\231110155_UAS\\manajemen-organisasi-mahasiswa\\app\\Http\\Controllers\\AnggotaOrganisasiController.php:18)
[stacktrace]
#0 D:\\Semester 4\\PraktikumPemWeb\\231110155_UAS\\manajemen-organisasi-mahasiswa\\vendor\\laravel\\framework\\src\\Illuminate\\Foundation\\Bootstrap\\HandleExceptions.php(256): Illuminate\\Foundation\\Bootstrap\\HandleExceptions->handleError(2, 'Undefined varia...', 'D:\\\\Semester 4\\\\P...', 18)
#1 D:\\Semester 4\\PraktikumPemWeb\\231110155_UAS\\manajemen-organisasi-mahasiswa\\app\\Http\\Controllers\\AnggotaOrganisasiController.php(18): Illuminate\\Foundation\\Bootstrap\\HandleExceptions->Illuminate\\Foundation\\Bootstrap\\{closure}(2, 'Undefined varia...', 'D:\\\\Semester 4\\\\P...', 18)
#2 D:\\Semester 4\\PraktikumPemWeb\\231110155_UAS\\manajemen-organisasi-mahasiswa\\vendor\\laravel\\framework\\src\\Illuminate\\Routing\\ControllerDispatcher.php(46): App\\Http\\Controllers\\AnggotaOrganisasiController->index()
#3 D:\\Semester 4\\PraktikumPemWeb\\231110155_UAS\\manajemen-organisasi-mahasiswa\\vendor\\laravel\\framework\\src\\Illuminate\\Routing\\Route.php(265): Illuminate\\Routing\\ControllerDispatcher->dispatch(Object(Illuminate\\Routing\\Route), Object(App\\Http\\Controllers\\AnggotaOrganisasiController), 'index')
#4 D:\\Semester 4\\PraktikumPemWeb\\231110155_UAS\\manajemen-organisasi-mahasiswa\\vendor\\laravel\\framework\\src\\Illuminate\\Routing\\Route.php(211): Illuminate\\Routing\\Route->runController()
#5 D:\\Semester 4\\PraktikumPemWeb\\231110155_UAS\\manajemen-organisasi-mahasiswa\\vendor\\laravel\\framework\\src\\Illuminate\\Routing\\Router.php(808): Illuminate\\Routing\\Route->run()
#6 D:\\Semester 4\\PraktikumPemWeb\\231110155_UAS\\manajemen-organisasi-mahasiswa\\vendor\\laravel\\framework\\src\\Illuminate\\Pipeline\\Pipeline.php(169): Illuminate\\Routing\\Router->Illuminate\\Routing\\{closure}(Object(Illuminate\\Http\\Request))
#7 D:\\Semester 4\\PraktikumPemWeb\\231110155_UAS\\manajemen-organisasi-mahasiswa\\vendor\\laravel\\framework\\src\\Illuminate\\Routing\\Middleware\\SubstituteBindings.php(50): Illuminate\\Pipeline\\Pipeline->Illuminate\\Pipeline\\{closure}(Object(Illuminate\\Http\\Request))
#8 D:\\Semester 4\\PraktikumPemWeb\\231110155_UAS\\manajemen-organisasi-mahasiswa\\vendor\\laravel\\framework\\src\\Illuminate\\Pipeline\\Pipeline.php(208): Illuminate\\Routing\\Middleware\\SubstituteBindings->handle(Object(Illuminate\\Http\\Request), Object(Closure))
#9 D:\\Semester 4\\PraktikumPemWeb\\231110155_UAS\\manajemen-organisasi-mahasiswa\\vendor\\laravel\\framework\\src\\Illuminate\\Foundation\\Http\\Middleware\\VerifyCsrfToken.php(87): Illuminate\\Pipeline\\Pipeline->Illuminate\\Pipeline\\{closure}(Object(Illuminate\\Http\\Request))
#10 D:\\Semester 4\\PraktikumPemWeb\\231110155_UAS\\manajemen-organisasi-mahasiswa\\vendor\\laravel\\framework\\src\\Illuminate\\Pipeline\\Pipeline.php(208): Illuminate\\Foundation\\Http\\Middleware\\VerifyCsrfToken->handle(Object(Illuminate\\Http\\Request), Object(Closure))
#11 D:\\Semester 4\\PraktikumPemWeb\\231110155_UAS\\manajemen-organisasi-mahasiswa\\vendor\\laravel\\framework\\src\\Illuminate\\View\\Middleware\\ShareErrorsFromSession.php(48): Illuminate\\Pipeline\\Pipeline->Illuminate\\Pipeline\\{closure}(Object(Illuminate\\Http\\Request))
#12 D:\\Semester 4\\PraktikumPemWeb\\231110155_UAS\\manajemen-organisasi-mahasiswa\\vendor\\laravel\\framework\\src\\Illuminate\\Pipeline\\Pipeline.php(208): Illuminate\\View\\Middleware\\ShareErrorsFromSession->handle(Object(Illuminate\\Http\\Request), Object(Closure))
#13 D:\\Semester 4\\PraktikumPemWeb\\231110155_UAS\\manajemen-organisasi-mahasiswa\\vendor\\laravel\\framework\\src\\Illuminate\\Session\\Middleware\\StartSession.php(120): Illuminate\\Pipeline\\Pipeline->Illuminate\\Pipeline\\{closure}(Object(Illuminate\\Http\\Request))
#14 D:\\Semester 4\\PraktikumPemWeb\\231110155_UAS\\manajemen-organisasi-mahasiswa\\vendor\\laravel\\framework\\src\\Illuminate\\Session\\Middleware\\StartSession.php(63): Illuminate\\Session\\Middleware\\StartSession->handleStatefulRequest(Object(Illuminate\\Http\\Request), Object(Illuminate\\Session\\Store), Object(Closure))
#15 D:\\Semester 4\\PraktikumPemWeb\\231110155_UAS\\manajemen-organisasi-mahasiswa\\vendor\\laravel\\framework\\src\\Illuminate\\Pipeline\\Pipeline.php(208): Illuminate\\Session\\Middleware\\StartSession->handle(Object(Illuminate\\Http\\Request), Object(Closure))
#16 D:\\Semester 4\\PraktikumPemWeb\\231110155_UAS\\manajemen-organisasi-mahasiswa\\vendor\\laravel\\framework\\src\\Illuminate\\Cookie\\Middleware\\AddQueuedCookiesToResponse.php(36): Illuminate\\Pipeline\\Pipeline->Illuminate\\Pipeline\\{closure}(Object(Illuminate\\Http\\Request))
#17 D:\\Semester 4\\PraktikumPemWeb\\231110155_UAS\\manajemen-organisasi-mahasiswa\\vendor\\laravel\\framework\\src\\Illuminate\\Pipeline\\Pipeline.php(208): Illuminate\\Cookie\\Middleware\\AddQueuedCookiesToResponse->handle(Object(Illuminate\\Http\\Request), Object(Closure))
#18 D:\\Semester 4\\PraktikumPemWeb\\231110155_UAS\\manajemen-organisasi-mahasiswa\\vendor\\laravel\\framework\\src\\Illuminate\\Cookie\\Middleware\\EncryptCookies.php(74): Illuminate\\Pipeline\\Pipeline->Illuminate\\Pipeline\\{closure}(Object(Illuminate\\Http\\Request))
#19 D:\\Semester 4\\PraktikumPemWeb\\231110155_UAS\\manajemen-organisasi-mahasiswa\\vendor\\laravel\\framework\\src\\Illuminate\\Pipeline\\Pipeline.php(208): Illuminate\\Cookie\\Middleware\\EncryptCookies->handle(Object(Illuminate\\Http\\Request), Object(Closure))
#20 D:\\Semester 4\\PraktikumPemWeb\\231110155_UAS\\manajemen-organisasi-mahasiswa\\vendor\\laravel\\framework\\src\\Illuminate\\Pipeline\\Pipeline.php(126): Illuminate\\Pipeline\\Pipeline->Illuminate\\Pipeline\\{closure}(Object(Illuminate\\Http\\Request))
#21 D:\\Semester 4\\PraktikumPemWeb\\231110155_UAS\\manajemen-organisasi-mahasiswa\\vendor\\laravel\\framework\\src\\Illuminate\\Routing\\Router.php(807): Illuminate\\Pipeline\\Pipeline->then(Object(Closure))
#22 D:\\Semester 4\\PraktikumPemWeb\\231110155_UAS\\manajemen-organisasi-mahasiswa\\vendor\\laravel\\framework\\src\\Illuminate\\Routing\\Router.php(786): Illuminate\\Routing\\Router->runRouteWithinStack(Object(Illuminate\\Routing\\Route), Object(Illuminate\\Http\\Request))
#23 D:\\Semester 4\\PraktikumPemWeb\\231110155_UAS\\manajemen-organisasi-mahasiswa\\vendor\\laravel\\framework\\src\\Illuminate\\Routing\\Router.php(750): Illuminate\\Routing\\Router->runRoute(Object(Illuminate\\Http\\Request), Object(Illuminate\\Routing\\Route))
#24 D:\\Semester 4\\PraktikumPemWeb\\231110155_UAS\\manajemen-organisasi-mahasiswa\\vendor\\laravel\\framework\\src\\Illuminate\\Routing\\Router.php(739): Illuminate\\Routing\\Router->dispatchToRoute(Object(Illuminate\\Http\\Request))
#25 D:\\Semester 4\\PraktikumPemWeb\\231110155_UAS\\manajemen-organisasi-mahasiswa\\vendor\\laravel\\framework\\src\\Illuminate\\Foundation\\Http\\Kernel.php(200): Illuminate\\Routing\\Router->dispatch(Object(Illuminate\\Http\\Request))
#26 D:\\Semester 4\\PraktikumPemWeb\\231110155_UAS\\manajemen-organisasi-mahasiswa\\vendor\\laravel\\framework\\src\\Illuminate\\Pipeline\\Pipeline.php(169): Illuminate\\Foundation\\Http\\Kernel->Illuminate\\Foundation\\Http\\{closure}(Object(Illuminate\\Http\\Request))
#27 D:\\Semester 4\\PraktikumPemWeb\\231110155_UAS\\manajemen-organisasi-mahasiswa\\vendor\\laravel\\framework\\src\\Illuminate\\Foundation\\Http\\Middleware\\TransformsRequest.php(21): Illuminate\\Pipeline\\Pipeline->Illuminate\\Pipeline\\{closure}(Object(Illuminate\\Http\\Request))
#28 D:\\Semester 4\\PraktikumPemWeb\\231110155_UAS\\manajemen-organisasi-mahasiswa\\vendor\\laravel\\framework\\src\\Illuminate\\Foundation\\Http\\Middleware\\ConvertEmptyStringsToNull.php(31): Illuminate\\Foundation\\Http\\Middleware\\TransformsRequest->handle(Object(Illuminate\\Http\\Request), Object(Closure))
#29 D:\\Semester 4\\PraktikumPemWeb\\231110155_UAS\\manajemen-organisasi-mahasiswa\\vendor\\laravel\\framework\\src\\Illuminate\\Pipeline\\Pipeline.php(208): Illuminate\\Foundation\\Http\\Middleware\\ConvertEmptyStringsToNull->handle(Object(Illuminate\\Http\\Request), Object(Closure))
#30 D:\\Semester 4\\PraktikumPemWeb\\231110155_UAS\\manajemen-organisasi-mahasiswa\\vendor\\laravel\\framework\\src\\Illuminate\\Foundation\\Http\\Middleware\\TransformsRequest.php(21): Illuminate\\Pipeline\\Pipeline->Illuminate\\Pipeline\\{closure}(Object(Illuminate\\Http\\Request))
#31 D:\\Semester 4\\PraktikumPemWeb\\231110155_UAS\\manajemen-organisasi-mahasiswa\\vendor\\laravel\\framework\\src\\Illuminate\\Foundation\\Http\\Middleware\\TrimStrings.php(51): Illuminate\\Foundation\\Http\\Middleware\\TransformsRequest->handle(Object(Illuminate\\Http\\Request), Object(Closure))
#32 D:\\Semester 4\\PraktikumPemWeb\\231110155_UAS\\manajemen-organisasi-mahasiswa\\vendor\\laravel\\framework\\src\\Illuminate\\Pipeline\\Pipeline.php(208): Illuminate\\Foundation\\Http\\Middleware\\TrimStrings->handle(Object(Illuminate\\Http\\Request), Object(Closure))
#33 D:\\Semester 4\\PraktikumPemWeb\\231110155_UAS\\manajemen-organisasi-mahasiswa\\vendor\\laravel\\framework\\src\\Illuminate\\Http\\Middleware\\ValidatePostSize.php(27): Illuminate\\Pipeline\\Pipeline->Illuminate\\Pipeline\\{closure}(Object(Illuminate\\Http\\Request))
#34 D:\\Semester 4\\PraktikumPemWeb\\231110155_UAS\\manajemen-organisasi-mahasiswa\\vendor\\laravel\\framework\\src\\Illuminate\\Pipeline\\Pipeline.php(208): Illuminate\\Http\\Middleware\\ValidatePostSize->handle(Object(Illuminate\\Http\\Request), Object(Closure))
#35 D:\\Semester 4\\PraktikumPemWeb\\231110155_UAS\\manajemen-organisasi-mahasiswa\\vendor\\laravel\\framework\\src\\Illuminate\\Foundation\\Http\\Middleware\\PreventRequestsDuringMaintenance.php(109): Illuminate\\Pipeline\\Pipeline->Illuminate\\Pipeline\\{closure}(Object(Illuminate\\Http\\Request))
#36 D:\\Semester 4\\PraktikumPemWeb\\231110155_UAS\\manajemen-organisasi-mahasiswa\\vendor\\laravel\\framework\\src\\Illuminate\\Pipeline\\Pipeline.php(208): Illuminate\\Foundation\\Http\\Middleware\\PreventRequestsDuringMaintenance->handle(Object(Illuminate\\Http\\Request), Object(Closure))
#37 D:\\Semester 4\\PraktikumPemWeb\\231110155_UAS\\manajemen-organisasi-mahasiswa\\vendor\\laravel\\framework\\src\\Illuminate\\Http\\Middleware\\HandleCors.php(48): Illuminate\\Pipeline\\Pipeline->Illuminate\\Pipeline\\{closure}(Object(Illuminate\\Http\\Request))
#38 D:\\Semester 4\\PraktikumPemWeb\\231110155_UAS\\manajemen-organisasi-mahasiswa\\vendor\\laravel\\framework\\src\\Illuminate\\Pipeline\\Pipeline.php(208): Illuminate\\Http\\Middleware\\HandleCors->handle(Object(Illuminate\\Http\\Request), Object(Closure))
#39 D:\\Semester 4\\PraktikumPemWeb\\231110155_UAS\\manajemen-organisasi-mahasiswa\\vendor\\laravel\\framework\\src\\Illuminate\\Http\\Middleware\\TrustProxies.php(58): Illuminate\\Pipeline\\Pipeline->Illuminate\\Pipeline\\{closure}(Object(Illuminate\\Http\\Request))
#40 D:\\Semester 4\\PraktikumPemWeb\\231110155_UAS\\manajemen-organisasi-mahasiswa\\vendor\\laravel\\framework\\src\\Illuminate\\Pipeline\\Pipeline.php(208): Illuminate\\Http\\Middleware\\TrustProxies->handle(Object(Illuminate\\Http\\Request), Object(Closure))
#41 D:\\Semester 4\\PraktikumPemWeb\\231110155_UAS\\manajemen-organisasi-mahasiswa\\vendor\\laravel\\framework\\src\\Illuminate\\Foundation\\Http\\Middleware\\InvokeDeferredCallbacks.php(22): Illuminate\\Pipeline\\Pipeline->Illuminate\\Pipeline\\{closure}(Object(Illuminate\\Http\\Request))
#42 D:\\Semester 4\\PraktikumPemWeb\\231110155_UAS\\manajemen-organisasi-mahasiswa\\vendor\\laravel\\framework\\src\\Illuminate\\Pipeline\\Pipeline.php(208): Illuminate\\Foundation\\Http\\Middleware\\InvokeDeferredCallbacks->handle(Object(Illuminate\\Http\\Request), Object(Closure))
#43 D:\\Semester 4\\PraktikumPemWeb\\231110155_UAS\\manajemen-organisasi-mahasiswa\\vendor\\laravel\\framework\\src\\Illuminate\\Http\\Middleware\\ValidatePathEncoding.php(26): Illuminate\\Pipeline\\Pipeline->Illuminate\\Pipeline\\{closure}(Object(Illuminate\\Http\\Request))
#44 D:\\Semester 4\\PraktikumPemWeb\\231110155_UAS\\manajemen-organisasi-mahasiswa\\vendor\\laravel\\framework\\src\\Illuminate\\Pipeline\\Pipeline.php(208): Illuminate\\Http\\Middleware\\ValidatePathEncoding->handle(Object(Illuminate\\Http\\Request), Object(Closure))
#45 D:\\Semester 4\\PraktikumPemWeb\\231110155_UAS\\manajemen-organisasi-mahasiswa\\vendor\\laravel\\framework\\src\\Illuminate\\Pipeline\\Pipeline.php(126): Illuminate\\Pipeline\\Pipeline->Illuminate\\Pipeline\\{closure}(Object(Illuminate\\Http\\Request))
#46 D:\\Semester 4\\PraktikumPemWeb\\231110155_UAS\\manajemen-organisasi-mahasiswa\\vendor\\laravel\\framework\\src\\Illuminate\\Foundation\\Http\\Kernel.php(175): Illuminate\\Pipeline\\Pipeline->then(Object(Closure))
#47 D:\\Semester 4\\PraktikumPemWeb\\231110155_UAS\\manajemen-organisasi-mahasiswa\\vendor\\laravel\\framework\\src\\Illuminate\\Foundation\\Http\\Kernel.php(144): Illuminate\\Foundation\\Http\\Kernel->sendRequestThroughRouter(Object(Illuminate\\Http\\Request))
#48 D:\\Semester 4\\PraktikumPemWeb\\231110155_UAS\\manajemen-organisasi-mahasiswa\\vendor\\laravel\\framework\\src\\Illuminate\\Foundation\\Application.php(1219): Illuminate\\Foundation\\Http\\Kernel->handle(Object(Illuminate\\Http\\Request))
#49 D:\\Semester 4\\PraktikumPemWeb\\231110155_UAS\\manajemen-organisasi-mahasiswa\\public\\index.php(20): Illuminate\\Foundation\\Application->handleRequest(Object(Illuminate\\Http\\Request))
#50 D:\\Semester 4\\PraktikumPemWeb\\231110155_UAS\\manajemen-organisasi-mahasiswa\\vendor\\laravel\\framework\\src\\Illuminate\\Foundation\\resources\\server.php(23): require_once('D:\\\\Semester 4\\\\P...')
#51 {main}
"} 
[2025-07-15 20:21:56] local.ERROR: Class "App\Models\Kegiatan" not found {"exception":"[object] (Error(code: 0): Class \"App\\Models\\Kegiatan\" not found at D:\\Semester 4\\PraktikumPemWeb\\231110155_UAS\\manajemen-organisasi-mahasiswa\\app\\Http\\Controllers\\KegiatanOrganisasiController.php:16)
[stacktrace]
#0 D:\\Semester 4\\PraktikumPemWeb\\231110155_UAS\\manajemen-organisasi-mahasiswa\\vendor\\laravel\\framework\\src\\Illuminate\\Routing\\ControllerDispatcher.php(46): App\\Http\\Controllers\\KegiatanOrganisasiController->index(Object(Illuminate\\Http\\Request))
#1 D:\\Semester 4\\PraktikumPemWeb\\231110155_UAS\\manajemen-organisasi-mahasiswa\\vendor\\laravel\\framework\\src\\Illuminate\\Routing\\Route.php(265): Illuminate\\Routing\\ControllerDispatcher->dispatch(Object(Illuminate\\Routing\\Route), Object(App\\Http\\Controllers\\KegiatanOrganisasiController), 'index')
#2 D:\\Semester 4\\PraktikumPemWeb\\231110155_UAS\\manajemen-organisasi-mahasiswa\\vendor\\laravel\\framework\\src\\Illuminate\\Routing\\Route.php(211): Illuminate\\Routing\\Route->runController()
#3 D:\\Semester 4\\PraktikumPemWeb\\231110155_UAS\\manajemen-organisasi-mahasiswa\\vendor\\laravel\\framework\\src\\Illuminate\\Routing\\Router.php(808): Illuminate\\Routing\\Route->run()
#4 D:\\Semester 4\\PraktikumPemWeb\\231110155_UAS\\manajemen-organisasi-mahasiswa\\vendor\\laravel\\framework\\src\\Illuminate\\Pipeline\\Pipeline.php(169): Illuminate\\Routing\\Router->Illuminate\\Routing\\{closure}(Object(Illuminate\\Http\\Request))
#5 D:\\Semester 4\\PraktikumPemWeb\\231110155_UAS\\manajemen-organisasi-mahasiswa\\vendor\\laravel\\framework\\src\\Illuminate\\Routing\\Middleware\\SubstituteBindings.php(50): Illuminate\\Pipeline\\Pipeline->Illuminate\\Pipeline\\{closure}(Object(Illuminate\\Http\\Request))
#6 D:\\Semester 4\\PraktikumPemWeb\\231110155_UAS\\manajemen-organisasi-mahasiswa\\vendor\\laravel\\framework\\src\\Illuminate\\Pipeline\\Pipeline.php(208): Illuminate\\Routing\\Middleware\\SubstituteBindings->handle(Object(Illuminate\\Http\\Request), Object(Closure))
#7 D:\\Semester 4\\PraktikumPemWeb\\231110155_UAS\\manajemen-organisasi-mahasiswa\\vendor\\laravel\\framework\\src\\Illuminate\\Foundation\\Http\\Middleware\\VerifyCsrfToken.php(87): Illuminate\\Pipeline\\Pipeline->Illuminate\\Pipeline\\{closure}(Object(Illuminate\\Http\\Request))
#8 D:\\Semester 4\\PraktikumPemWeb\\231110155_UAS\\manajemen-organisasi-mahasiswa\\vendor\\laravel\\framework\\src\\Illuminate\\Pipeline\\Pipeline.php(208): Illuminate\\Foundation\\Http\\Middleware\\VerifyCsrfToken->handle(Object(Illuminate\\Http\\Request), Object(Closure))
#9 D:\\Semester 4\\PraktikumPemWeb\\231110155_UAS\\manajemen-organisasi-mahasiswa\\vendor\\laravel\\framework\\src\\Illuminate\\View\\Middleware\\ShareErrorsFromSession.php(48): Illuminate\\Pipeline\\Pipeline->Illuminate\\Pipeline\\{closure}(Object(Illuminate\\Http\\Request))
#10 D:\\Semester 4\\PraktikumPemWeb\\231110155_UAS\\manajemen-organisasi-mahasiswa\\vendor\\laravel\\framework\\src\\Illuminate\\Pipeline\\Pipeline.php(208): Illuminate\\View\\Middleware\\ShareErrorsFromSession->handle(Object(Illuminate\\Http\\Request), Object(Closure))
#11 D:\\Semester 4\\PraktikumPemWeb\\231110155_UAS\\manajemen-organisasi-mahasiswa\\vendor\\laravel\\framework\\src\\Illuminate\\Session\\Middleware\\StartSession.php(120): Illuminate\\Pipeline\\Pipeline->Illuminate\\Pipeline\\{closure}(Object(Illuminate\\Http\\Request))
#12 D:\\Semester 4\\PraktikumPemWeb\\231110155_UAS\\manajemen-organisasi-mahasiswa\\vendor\\laravel\\framework\\src\\Illuminate\\Session\\Middleware\\StartSession.php(63): Illuminate\\Session\\Middleware\\StartSession->handleStatefulRequest(Object(Illuminate\\Http\\Request), Object(Illuminate\\Session\\Store), Object(Closure))
#13 D:\\Semester 4\\PraktikumPemWeb\\231110155_UAS\\manajemen-organisasi-mahasiswa\\vendor\\laravel\\framework\\src\\Illuminate\\Pipeline\\Pipeline.php(208): Illuminate\\Session\\Middleware\\StartSession->handle(Object(Illuminate\\Http\\Request), Object(Closure))
#14 D:\\Semester 4\\PraktikumPemWeb\\231110155_UAS\\manajemen-organisasi-mahasiswa\\vendor\\laravel\\framework\\src\\Illuminate\\Cookie\\Middleware\\AddQueuedCookiesToResponse.php(36): Illuminate\\Pipeline\\Pipeline->Illuminate\\Pipeline\\{closure}(Object(Illuminate\\Http\\Request))
#15 D:\\Semester 4\\PraktikumPemWeb\\231110155_UAS\\manajemen-organisasi-mahasiswa\\vendor\\laravel\\framework\\src\\Illuminate\\Pipeline\\Pipeline.php(208): Illuminate\\Cookie\\Middleware\\AddQueuedCookiesToResponse->handle(Object(Illuminate\\Http\\Request), Object(Closure))
#16 D:\\Semester 4\\PraktikumPemWeb\\231110155_UAS\\manajemen-organisasi-mahasiswa\\vendor\\laravel\\framework\\src\\Illuminate\\Cookie\\Middleware\\EncryptCookies.php(74): Illuminate\\Pipeline\\Pipeline->Illuminate\\Pipeline\\{closure}(Object(Illuminate\\Http\\Request))
#17 D:\\Semester 4\\PraktikumPemWeb\\231110155_UAS\\manajemen-organisasi-mahasiswa\\vendor\\laravel\\framework\\src\\Illuminate\\Pipeline\\Pipeline.php(208): Illuminate\\Cookie\\Middleware\\EncryptCookies->handle(Object(Illuminate\\Http\\Request), Object(Closure))
#18 D:\\Semester 4\\PraktikumPemWeb\\231110155_UAS\\manajemen-organisasi-mahasiswa\\vendor\\laravel\\framework\\src\\Illuminate\\Pipeline\\Pipeline.php(126): Illuminate\\Pipeline\\Pipeline->Illuminate\\Pipeline\\{closure}(Object(Illuminate\\Http\\Request))
#19 D:\\Semester 4\\PraktikumPemWeb\\231110155_UAS\\manajemen-organisasi-mahasiswa\\vendor\\laravel\\framework\\src\\Illuminate\\Routing\\Router.php(807): Illuminate\\Pipeline\\Pipeline->then(Object(Closure))
#20 D:\\Semester 4\\PraktikumPemWeb\\231110155_UAS\\manajemen-organisasi-mahasiswa\\vendor\\laravel\\framework\\src\\Illuminate\\Routing\\Router.php(786): Illuminate\\Routing\\Router->runRouteWithinStack(Object(Illuminate\\Routing\\Route), Object(Illuminate\\Http\\Request))
#21 D:\\Semester 4\\PraktikumPemWeb\\231110155_UAS\\manajemen-organisasi-mahasiswa\\vendor\\laravel\\framework\\src\\Illuminate\\Routing\\Router.php(750): Illuminate\\Routing\\Router->runRoute(Object(Illuminate\\Http\\Request), Object(Illuminate\\Routing\\Route))
#22 D:\\Semester 4\\PraktikumPemWeb\\231110155_UAS\\manajemen-organisasi-mahasiswa\\vendor\\laravel\\framework\\src\\Illuminate\\Routing\\Router.php(739): Illuminate\\Routing\\Router->dispatchToRoute(Object(Illuminate\\Http\\Request))
#23 D:\\Semester 4\\PraktikumPemWeb\\231110155_UAS\\manajemen-organisasi-mahasiswa\\vendor\\laravel\\framework\\src\\Illuminate\\Foundation\\Http\\Kernel.php(200): Illuminate\\Routing\\Router->dispatch(Object(Illuminate\\Http\\Request))
#24 D:\\Semester 4\\PraktikumPemWeb\\231110155_UAS\\manajemen-organisasi-mahasiswa\\vendor\\laravel\\framework\\src\\Illuminate\\Pipeline\\Pipeline.php(169): Illuminate\\Foundation\\Http\\Kernel->Illuminate\\Foundation\\Http\\{closure}(Object(Illuminate\\Http\\Request))
#25 D:\\Semester 4\\PraktikumPemWeb\\231110155_UAS\\manajemen-organisasi-mahasiswa\\vendor\\laravel\\framework\\src\\Illuminate\\Foundation\\Http\\Middleware\\TransformsRequest.php(21): Illuminate\\Pipeline\\Pipeline->Illuminate\\Pipeline\\{closure}(Object(Illuminate\\Http\\Request))
#26 D:\\Semester 4\\PraktikumPemWeb\\231110155_UAS\\manajemen-organisasi-mahasiswa\\vendor\\laravel\\framework\\src\\Illuminate\\Foundation\\Http\\Middleware\\ConvertEmptyStringsToNull.php(31): Illuminate\\Foundation\\Http\\Middleware\\TransformsRequest->handle(Object(Illuminate\\Http\\Request), Object(Closure))
#27 D:\\Semester 4\\PraktikumPemWeb\\231110155_UAS\\manajemen-organisasi-mahasiswa\\vendor\\laravel\\framework\\src\\Illuminate\\Pipeline\\Pipeline.php(208): Illuminate\\Foundation\\Http\\Middleware\\ConvertEmptyStringsToNull->handle(Object(Illuminate\\Http\\Request), Object(Closure))
#28 D:\\Semester 4\\PraktikumPemWeb\\231110155_UAS\\manajemen-organisasi-mahasiswa\\vendor\\laravel\\framework\\src\\Illuminate\\Foundation\\Http\\Middleware\\TransformsRequest.php(21): Illuminate\\Pipeline\\Pipeline->Illuminate\\Pipeline\\{closure}(Object(Illuminate\\Http\\Request))
#29 D:\\Semester 4\\PraktikumPemWeb\\231110155_UAS\\manajemen-organisasi-mahasiswa\\vendor\\laravel\\framework\\src\\Illuminate\\Foundation\\Http\\Middleware\\TrimStrings.php(51): Illuminate\\Foundation\\Http\\Middleware\\TransformsRequest->handle(Object(Illuminate\\Http\\Request), Object(Closure))
#30 D:\\Semester 4\\PraktikumPemWeb\\231110155_UAS\\manajemen-organisasi-mahasiswa\\vendor\\laravel\\framework\\src\\Illuminate\\Pipeline\\Pipeline.php(208): Illuminate\\Foundation\\Http\\Middleware\\TrimStrings->handle(Object(Illuminate\\Http\\Request), Object(Closure))
#31 D:\\Semester 4\\PraktikumPemWeb\\231110155_UAS\\manajemen-organisasi-mahasiswa\\vendor\\laravel\\framework\\src\\Illuminate\\Http\\Middleware\\ValidatePostSize.php(27): Illuminate\\Pipeline\\Pipeline->Illuminate\\Pipeline\\{closure}(Object(Illuminate\\Http\\Request))
#32 D:\\Semester 4\\PraktikumPemWeb\\231110155_UAS\\manajemen-organisasi-mahasiswa\\vendor\\laravel\\framework\\src\\Illuminate\\Pipeline\\Pipeline.php(208): Illuminate\\Http\\Middleware\\ValidatePostSize->handle(Object(Illuminate\\Http\\Request), Object(Closure))
#33 D:\\Semester 4\\PraktikumPemWeb\\231110155_UAS\\manajemen-organisasi-mahasiswa\\vendor\\laravel\\framework\\src\\Illuminate\\Foundation\\Http\\Middleware\\PreventRequestsDuringMaintenance.php(109): Illuminate\\Pipeline\\Pipeline->Illuminate\\Pipeline\\{closure}(Object(Illuminate\\Http\\Request))
#34 D:\\Semester 4\\PraktikumPemWeb\\231110155_UAS\\manajemen-organisasi-mahasiswa\\vendor\\laravel\\framework\\src\\Illuminate\\Pipeline\\Pipeline.php(208): Illuminate\\Foundation\\Http\\Middleware\\PreventRequestsDuringMaintenance->handle(Object(Illuminate\\Http\\Request), Object(Closure))
#35 D:\\Semester 4\\PraktikumPemWeb\\231110155_UAS\\manajemen-organisasi-mahasiswa\\vendor\\laravel\\framework\\src\\Illuminate\\Http\\Middleware\\HandleCors.php(48): Illuminate\\Pipeline\\Pipeline->Illuminate\\Pipeline\\{closure}(Object(Illuminate\\Http\\Request))
#36 D:\\Semester 4\\PraktikumPemWeb\\231110155_UAS\\manajemen-organisasi-mahasiswa\\vendor\\laravel\\framework\\src\\Illuminate\\Pipeline\\Pipeline.php(208): Illuminate\\Http\\Middleware\\HandleCors->handle(Object(Illuminate\\Http\\Request), Object(Closure))
#37 D:\\Semester 4\\PraktikumPemWeb\\231110155_UAS\\manajemen-organisasi-mahasiswa\\vendor\\laravel\\framework\\src\\Illuminate\\Http\\Middleware\\TrustProxies.php(58): Illuminate\\Pipeline\\Pipeline->Illuminate\\Pipeline\\{closure}(Object(Illuminate\\Http\\Request))
#38 D:\\Semester 4\\PraktikumPemWeb\\231110155_UAS\\manajemen-organisasi-mahasiswa\\vendor\\laravel\\framework\\src\\Illuminate\\Pipeline\\Pipeline.php(208): Illuminate\\Http\\Middleware\\TrustProxies->handle(Object(Illuminate\\Http\\Request), Object(Closure))
#39 D:\\Semester 4\\PraktikumPemWeb\\231110155_UAS\\manajemen-organisasi-mahasiswa\\vendor\\laravel\\framework\\src\\Illuminate\\Foundation\\Http\\Middleware\\InvokeDeferredCallbacks.php(22): Illuminate\\Pipeline\\Pipeline->Illuminate\\Pipeline\\{closure}(Object(Illuminate\\Http\\Request))
#40 D:\\Semester 4\\PraktikumPemWeb\\231110155_UAS\\manajemen-organisasi-mahasiswa\\vendor\\laravel\\framework\\src\\Illuminate\\Pipeline\\Pipeline.php(208): Illuminate\\Foundation\\Http\\Middleware\\InvokeDeferredCallbacks->handle(Object(Illuminate\\Http\\Request), Object(Closure))
#41 D:\\Semester 4\\PraktikumPemWeb\\231110155_UAS\\manajemen-organisasi-mahasiswa\\vendor\\laravel\\framework\\src\\Illuminate\\Http\\Middleware\\ValidatePathEncoding.php(26): Illuminate\\Pipeline\\Pipeline->Illuminate\\Pipeline\\{closure}(Object(Illuminate\\Http\\Request))
#42 D:\\Semester 4\\PraktikumPemWeb\\231110155_UAS\\manajemen-organisasi-mahasiswa\\vendor\\laravel\\framework\\src\\Illuminate\\Pipeline\\Pipeline.php(208): Illuminate\\Http\\Middleware\\ValidatePathEncoding->handle(Object(Illuminate\\Http\\Request), Object(Closure))
#43 D:\\Semester 4\\PraktikumPemWeb\\231110155_UAS\\manajemen-organisasi-mahasiswa\\vendor\\laravel\\framework\\src\\Illuminate\\Pipeline\\Pipeline.php(126): Illuminate\\Pipeline\\Pipeline->Illuminate\\Pipeline\\{closure}(Object(Illuminate\\Http\\Request))
#44 D:\\Semester 4\\PraktikumPemWeb\\231110155_UAS\\manajemen-organisasi-mahasiswa\\vendor\\laravel\\framework\\src\\Illuminate\\Foundation\\Http\\Kernel.php(175): Illuminate\\Pipeline\\Pipeline->then(Object(Closure))
#45 D:\\Semester 4\\PraktikumPemWeb\\231110155_UAS\\manajemen-organisasi-mahasiswa\\vendor\\laravel\\framework\\src\\Illuminate\\Foundation\\Http\\Kernel.php(144): Illuminate\\Foundation\\Http\\Kernel->sendRequestThroughRouter(Object(Illuminate\\Http\\Request))
#46 D:\\Semester 4\\PraktikumPemWeb\\231110155_UAS\\manajemen-organisasi-mahasiswa\\vendor\\laravel\\framework\\src\\Illuminate\\Foundation\\Application.php(1219): Illuminate\\Foundation\\Http\\Kernel->handle(Object(Illuminate\\Http\\Request))
#47 D:\\Semester 4\\PraktikumPemWeb\\231110155_UAS\\manajemen-organisasi-mahasiswa\\public\\index.php(20): Illuminate\\Foundation\\Application->handleRequest(Object(Illuminate\\Http\\Request))
#48 D:\\Semester 4\\PraktikumPemWeb\\231110155_UAS\\manajemen-organisasi-mahasiswa\\vendor\\laravel\\framework\\src\\Illuminate\\Foundation\\resources\\server.php(23): require_once('D:\\\\Semester 4\\\\P...')
#49 {main}
"} 
